[DEBUG]--2022-09-14 19:34:32 com.banking.client.BankAccountMain main 32 DEMONSTRATES CREATING A BANKACCOUNT 
[DEBUG]--2022-09-14 19:34:32 com.banking.client.BankAccountMain main 33 ------------------- 
[DEBUG]--2022-09-14 19:34:32 com.banking.dao.BankAccountDaoImpl addBankAccount 25 BankAccount Created 
[DEBUG]--2022-09-14 19:34:32 com.banking.client.BankAccountMain main 36 ********************** 
[DEBUG]--2022-09-14 19:34:32 com.banking.client.BankAccountMain main 41 DEMONSTRATES UPDATING A BANKACCOUNT 
[DEBUG]--2022-09-14 19:34:32 com.banking.client.BankAccountMain main 42 ----------------------- 
[DEBUG]--2022-09-14 19:34:32 com.banking.dao.BankAccountDaoImpl updateBankAccount 40 BankAccount Updated 
[DEBUG]--2022-09-14 19:34:32 com.banking.utility.BankAccountUtil printDetails 16 -------------------- 
[DEBUG]--2022-09-14 19:34:32 com.banking.utility.BankAccountUtil printDetails 17 Account Number : 300001 
[DEBUG]--2022-09-14 19:34:32 com.banking.utility.BankAccountUtil printDetails 18 Customer Name : NEW NAME 
[DEBUG]--2022-09-14 19:34:32 com.banking.utility.BankAccountUtil printDetails 19 Account Balance : 3500.0 
[DEBUG]--2022-09-14 19:34:32 com.banking.utility.BankAccountUtil printDetails 20 ------------------------ 
[DEBUG]--2022-09-14 19:34:32 com.banking.client.BankAccountMain main 46 ********************* 
[DEBUG]--2022-09-14 19:34:32 com.banking.client.BankAccountMain main 50 DEMONSTRATES FIND ALL  BANKACCOUNT 
[DEBUG]--2022-09-14 19:34:32 com.banking.client.BankAccountMain main 51 ------------------ 
[DEBUG]--2022-09-14 19:34:32 com.banking.utility.BankAccountUtil printDetails 16 -------------------- 
[DEBUG]--2022-09-14 19:34:32 com.banking.utility.BankAccountUtil printDetails 17 Account Number : 300001 
[DEBUG]--2022-09-14 19:34:32 com.banking.utility.BankAccountUtil printDetails 18 Customer Name : NEW NAME 
[DEBUG]--2022-09-14 19:34:32 com.banking.utility.BankAccountUtil printDetails 19 Account Balance : 3500.0 
[DEBUG]--2022-09-14 19:34:32 com.banking.utility.BankAccountUtil printDetails 20 ------------------------ 
[DEBUG]--2022-09-14 19:34:32 com.banking.utility.BankAccountUtil printDetails 16 -------------------- 
[DEBUG]--2022-09-14 19:34:32 com.banking.utility.BankAccountUtil printDetails 17 Account Number : 300002 
[DEBUG]--2022-09-14 19:34:32 com.banking.utility.BankAccountUtil printDetails 18 Customer Name : Kural 
[DEBUG]--2022-09-14 19:34:32 com.banking.utility.BankAccountUtil printDetails 19 Account Balance : 5500.0 
[DEBUG]--2022-09-14 19:34:32 com.banking.utility.BankAccountUtil printDetails 20 ------------------------ 
[DEBUG]--2022-09-14 19:34:32 com.banking.utility.BankAccountUtil printDetails 16 -------------------- 
[DEBUG]--2022-09-14 19:34:32 com.banking.utility.BankAccountUtil printDetails 17 Account Number : 300003 
[DEBUG]--2022-09-14 19:34:32 com.banking.utility.BankAccountUtil printDetails 18 Customer Name : Scott 
[DEBUG]--2022-09-14 19:34:32 com.banking.utility.BankAccountUtil printDetails 19 Account Balance : 4500.0 
[DEBUG]--2022-09-14 19:34:32 com.banking.utility.BankAccountUtil printDetails 20 ------------------------ 
[DEBUG]--2022-09-14 19:34:32 com.banking.utility.BankAccountUtil printDetails 16 -------------------- 
[DEBUG]--2022-09-14 19:34:32 com.banking.utility.BankAccountUtil printDetails 17 Account Number : 300004 
[DEBUG]--2022-09-14 19:34:32 com.banking.utility.BankAccountUtil printDetails 18 Customer Name : Ramesh 
[DEBUG]--2022-09-14 19:34:32 com.banking.utility.BankAccountUtil printDetails 19 Account Balance : 3500.0 
[DEBUG]--2022-09-14 19:34:32 com.banking.utility.BankAccountUtil printDetails 20 ------------------------ 
[DEBUG]--2022-09-14 19:34:32 com.banking.utility.BankAccountUtil printDetails 16 -------------------- 
[DEBUG]--2022-09-14 19:34:32 com.banking.utility.BankAccountUtil printDetails 17 Account Number : 300005 
[DEBUG]--2022-09-14 19:34:32 com.banking.utility.BankAccountUtil printDetails 18 Customer Name : Kevin 
[DEBUG]--2022-09-14 19:34:32 com.banking.utility.BankAccountUtil printDetails 19 Account Balance : 9500.0 
[DEBUG]--2022-09-14 19:34:32 com.banking.utility.BankAccountUtil printDetails 20 ------------------------ 
[DEBUG]--2022-09-14 19:34:32 com.banking.utility.BankAccountUtil printDetails 16 -------------------- 
[DEBUG]--2022-09-14 19:34:32 com.banking.utility.BankAccountUtil printDetails 17 Account Number : 300006 
[DEBUG]--2022-09-14 19:34:32 com.banking.utility.BankAccountUtil printDetails 18 Customer Name : Steve 
[DEBUG]--2022-09-14 19:34:32 com.banking.utility.BankAccountUtil printDetails 19 Account Balance : 8500.0 
[DEBUG]--2022-09-14 19:34:32 com.banking.utility.BankAccountUtil printDetails 20 ------------------------ 
[DEBUG]--2022-09-14 19:34:32 com.banking.utility.BankAccountUtil printDetails 16 -------------------- 
[DEBUG]--2022-09-14 19:34:32 com.banking.utility.BankAccountUtil printDetails 17 Account Number : 300007 
[DEBUG]--2022-09-14 19:34:32 com.banking.utility.BankAccountUtil printDetails 18 Customer Name : Amrish 
[DEBUG]--2022-09-14 19:34:32 com.banking.utility.BankAccountUtil printDetails 19 Account Balance : 7500.0 
[DEBUG]--2022-09-14 19:34:32 com.banking.utility.BankAccountUtil printDetails 20 ------------------------ 
[DEBUG]--2022-09-14 19:34:32 com.banking.utility.BankAccountUtil printDetails 16 -------------------- 
[DEBUG]--2022-09-14 19:34:32 com.banking.utility.BankAccountUtil printDetails 17 Account Number : 300008 
[DEBUG]--2022-09-14 19:34:32 com.banking.utility.BankAccountUtil printDetails 18 Customer Name : Karthik 
[DEBUG]--2022-09-14 19:34:32 com.banking.utility.BankAccountUtil printDetails 19 Account Balance : 2500.0 
[DEBUG]--2022-09-14 19:34:32 com.banking.utility.BankAccountUtil printDetails 20 ------------------------ 
[DEBUG]--2022-09-14 19:34:32 com.banking.utility.BankAccountUtil printDetails 16 -------------------- 
[DEBUG]--2022-09-14 19:34:32 com.banking.utility.BankAccountUtil printDetails 17 Account Number : 300009 
[DEBUG]--2022-09-14 19:34:32 com.banking.utility.BankAccountUtil printDetails 18 Customer Name : Dhanush 
[DEBUG]--2022-09-14 19:34:32 com.banking.utility.BankAccountUtil printDetails 19 Account Balance : 5500.0 
[DEBUG]--2022-09-14 19:34:32 com.banking.utility.BankAccountUtil printDetails 20 ------------------------ 
[DEBUG]--2022-09-14 19:34:32 com.banking.utility.BankAccountUtil printDetails 16 -------------------- 
[DEBUG]--2022-09-14 19:34:32 com.banking.utility.BankAccountUtil printDetails 17 Account Number : 3000010 
[DEBUG]--2022-09-14 19:34:32 com.banking.utility.BankAccountUtil printDetails 18 Customer Name : Pooven 
[DEBUG]--2022-09-14 19:34:32 com.banking.utility.BankAccountUtil printDetails 19 Account Balance : 4500.0 
[DEBUG]--2022-09-14 19:34:32 com.banking.utility.BankAccountUtil printDetails 20 ------------------------ 
[DEBUG]--2022-09-14 19:34:32 com.banking.utility.BankAccountUtil printDetails 16 -------------------- 
[DEBUG]--2022-09-14 19:34:32 com.banking.utility.BankAccountUtil printDetails 17 Account Number : 3000012 
[DEBUG]--2022-09-14 19:34:32 com.banking.utility.BankAccountUtil printDetails 18 Customer Name : abishek 
[DEBUG]--2022-09-14 19:34:32 com.banking.utility.BankAccountUtil printDetails 19 Account Balance : 4500.0 
[DEBUG]--2022-09-14 19:34:32 com.banking.utility.BankAccountUtil printDetails 20 ------------------------ 
[DEBUG]--2022-09-14 19:34:32 com.banking.client.BankAccountMain main 54 *********************** 
[DEBUG]--2022-09-14 19:34:32 com.banking.client.BankAccountMain main 58 DEMONSTRATES FIND ONE BANKACCOUNT 
[DEBUG]--2022-09-14 19:34:32 com.banking.client.BankAccountMain main 59 ------------------ 
[DEBUG]--2022-09-14 19:34:32 com.banking.utility.BankAccountUtil printDetails 16 -------------------- 
[DEBUG]--2022-09-14 19:34:32 com.banking.utility.BankAccountUtil printDetails 17 Account Number : 300004 
[DEBUG]--2022-09-14 19:34:32 com.banking.utility.BankAccountUtil printDetails 18 Customer Name : Ramesh 
[DEBUG]--2022-09-14 19:34:32 com.banking.utility.BankAccountUtil printDetails 19 Account Balance : 3500.0 
[DEBUG]--2022-09-14 19:34:32 com.banking.utility.BankAccountUtil printDetails 20 ------------------------ 
[DEBUG]--2022-09-14 19:34:32 com.banking.client.BankAccountMain main 62 *********************** 
[DEBUG]--2022-09-14 19:34:32 com.banking.client.BankAccountMain main 65 DEMONSTRATES DELETE  BANKACCOUNT 
[DEBUG]--2022-09-14 19:34:32 com.banking.client.BankAccountMain main 66 ------------------ 
[DEBUG]--2022-09-14 19:34:32 com.banking.dao.BankAccountDaoImpl deleteBankAccountByaccountNumber 69 BankAccount Deleted 
[DEBUG]--2022-09-14 19:34:32 com.banking.client.BankAccountMain main 68 *********************** 
[DEBUG]--2022-09-14 19:34:32 com.banking.client.BankAccountMain main 72 DEMONSTRATES DEPOSIT FUNDS 
[DEBUG]--2022-09-14 19:34:32 com.banking.client.BankAccountMain main 73 ------------------ 
[DEBUG]--2022-09-14 19:34:32 com.banking.dao.BankAccountDaoImpl deposit 88 Before Update Balance is :3500.0 
[DEBUG]--2022-09-14 19:34:32 com.banking.dao.BankAccountDaoImpl deposit 89 Deposit Ammount:1200.0  
[DEBUG]--2022-09-14 19:34:32 com.banking.dao.BankAccountDaoImpl deposit 91 Deposit successfull 
[DEBUG]--2022-09-14 19:34:32 com.banking.dao.BankAccountDaoImpl deposit 92 After Update Balance is :4700.0 
[DEBUG]--2022-09-14 19:34:32 com.banking.client.BankAccountMain main 75 *********************** 
[DEBUG]--2022-09-14 19:34:32 com.banking.client.BankAccountMain main 78 DEMONSTRATES WITHDRAW FUNDS 
[DEBUG]--2022-09-14 19:34:32 com.banking.client.BankAccountMain main 79 ------------------ 
[DEBUG]--2022-09-14 19:34:32 com.banking.dao.BankAccountDaoImpl withdraw 101 Before Update Balance is :3500.0 
[DEBUG]--2022-09-14 19:34:32 com.banking.dao.BankAccountDaoImpl withdraw 102 Withdraw Ammount:1000.0  
[DEBUG]--2022-09-14 19:34:32 com.banking.dao.BankAccountDaoImpl withdraw 107 Withdraw successfull 
[DEBUG]--2022-09-14 19:34:32 com.banking.dao.BankAccountDaoImpl withdraw 108 After Update Balance is:2500.0 
[DEBUG]--2022-09-14 19:34:32 com.banking.client.BankAccountMain main 81 *********************** 
[DEBUG]--2022-09-14 19:34:32 com.banking.client.BankAccountMain main 86 DEMONSTRATES EXCEPTION 
