2022.09.13 12:07:35 INFO  es[][o.e.n.Node] version[7.16.2], pid[3920], build[default/tar/2b937c44140b6559905130a8650c64dbd0879cfb/2021-12-18T19:42:46.604893745Z], OS[Mac OS X/10.16/x86_64], JVM[Oracle Corporation/Java HotSpot(TM) 64-Bit Server VM/12.0.2/12.0.2+10]
2022.09.13 12:07:35 INFO  es[][o.e.n.Node] JVM home [/Library/Java/JavaVirtualMachines/jdk-12.0.2.jdk/Contents/Home]
2022.09.13 12:07:35 INFO  es[][o.e.n.Node] JVM arguments [-XX:+UseG1GC, -Djava.io.tmpdir=/Users/pooven/Desktop/sonarqube-8.9.9.56886/temp, -XX:ErrorFile=../logs/es_hs_err_pid%p.log, -Des.networkaddress.cache.ttl=60, -Des.networkaddress.cache.negative.ttl=10, -XX:+AlwaysPreTouch, -Xss1m, -Djava.awt.headless=true, -Dfile.encoding=UTF-8, -Djna.nosys=true, -Djna.tmpdir=/Users/pooven/Desktop/sonarqube-8.9.9.56886/temp, -XX:-OmitStackTraceInFastThrow, -Dio.netty.noUnsafe=true, -Dio.netty.noKeySetOptimization=true, -Dio.netty.recycler.maxCapacityPerThread=0, -Dio.netty.allocator.numDirectArenas=0, -Dlog4j.shutdownHookEnabled=false, -Dlog4j2.disable.jmx=true, -Dlog4j2.formatMsgNoLookups=true, -Djava.locale.providers=COMPAT, -Xmx512m, -Xms512m, -XX:MaxDirectMemorySize=256m, -XX:+HeapDumpOnOutOfMemoryError, -Des.path.home=/Users/pooven/Desktop/sonarqube-8.9.9.56886/elasticsearch, -Des.path.conf=/Users/pooven/Desktop/sonarqube-8.9.9.56886/temp/conf/es, -Des.distribution.flavor=default, -Des.distribution.type=tar, -Des.bundled_jdk=false]
2022.09.13 12:07:36 INFO  es[][o.e.p.PluginsService] loaded module [analysis-common]
2022.09.13 12:07:36 INFO  es[][o.e.p.PluginsService] loaded module [lang-painless]
2022.09.13 12:07:36 INFO  es[][o.e.p.PluginsService] loaded module [parent-join]
2022.09.13 12:07:36 INFO  es[][o.e.p.PluginsService] loaded module [reindex]
2022.09.13 12:07:36 INFO  es[][o.e.p.PluginsService] loaded module [transport-netty4]
2022.09.13 12:07:36 INFO  es[][o.e.p.PluginsService] no plugins loaded
2022.09.13 12:07:36 INFO  es[][o.e.e.NodeEnvironment] using [1] data paths, mounts [[/ (/dev/disk3s1s1)]], net usable_space [388.1gb], net total_space [460.4gb], types [apfs]
2022.09.13 12:07:36 INFO  es[][o.e.e.NodeEnvironment] heap size [512mb], compressed ordinary object pointers [true]
2022.09.13 12:07:36 INFO  es[][o.e.n.Node] node name [sonarqube], node ID [x3rk1HLTTdubUUlPtMNH6w], cluster name [sonarqube], roles [data_frozen, master, remote_cluster_client, data, data_content, data_hot, data_warm, data_cold, ingest]
2022.09.13 12:07:39 INFO  es[][o.e.t.NettyAllocator] creating NettyAllocator with the following configs: [name=unpooled, suggested_max_allocation_size=256kb, factors={es.unsafe.use_unpooled_allocator=null, g1gc_enabled=true, g1gc_region_size=1mb, heap_size=512mb}]
2022.09.13 12:07:39 INFO  es[][o.e.d.DiscoveryModule] using discovery type [zen] and seed hosts providers [settings]
2022.09.13 12:07:39 INFO  es[][o.e.g.DanglingIndicesState] gateway.auto_import_dangling_indices is disabled, dangling indices will not be automatically detected or imported and must be managed manually
2022.09.13 12:07:40 INFO  es[][o.e.n.Node] initialized
2022.09.13 12:07:40 INFO  es[][o.e.n.Node] starting ...
2022.09.13 12:07:40 INFO  es[][o.e.t.TransportService] publish_address {127.0.0.1:49875}, bound_addresses {127.0.0.1:49875}
2022.09.13 12:07:40 INFO  es[][o.e.c.c.Coordinator] setting initial configuration to VotingConfiguration{x3rk1HLTTdubUUlPtMNH6w}
2022.09.13 12:07:40 INFO  es[][o.e.c.s.MasterService] elected-as-master ([1] nodes joined)[{sonarqube}{x3rk1HLTTdubUUlPtMNH6w}{slzBtPa1SXGe6CIMkc0FtA}{127.0.0.1}{127.0.0.1:49875}{cdfhimrsw} elect leader, _BECOME_MASTER_TASK_, _FINISH_ELECTION_], term: 1, version: 1, delta: master node changed {previous [], current [{sonarqube}{x3rk1HLTTdubUUlPtMNH6w}{slzBtPa1SXGe6CIMkc0FtA}{127.0.0.1}{127.0.0.1:49875}{cdfhimrsw}]}
2022.09.13 12:07:40 INFO  es[][o.e.c.c.CoordinationState] cluster UUID set to [BuViWvETQ1uLBqZ2DsdwfQ]
2022.09.13 12:07:41 INFO  es[][o.e.c.s.ClusterApplierService] master node changed {previous [], current [{sonarqube}{x3rk1HLTTdubUUlPtMNH6w}{slzBtPa1SXGe6CIMkc0FtA}{127.0.0.1}{127.0.0.1:49875}{cdfhimrsw}]}, term: 1, version: 1, reason: Publication{term=1, version=1}
2022.09.13 12:07:41 INFO  es[][o.e.h.AbstractHttpServerTransport] publish_address {127.0.0.1:9001}, bound_addresses {127.0.0.1:9001}
2022.09.13 12:07:41 INFO  es[][o.e.n.Node] started
2022.09.13 12:07:41 INFO  es[][o.e.g.GatewayService] recovered [0] indices into cluster_state
2022.09.13 12:07:52 INFO  es[][o.e.c.m.MetadataCreateIndexService] [metadatas] creating index, cause [api], templates [], shards [1]/[0]
2022.09.13 12:07:53 INFO  es[][o.e.c.r.a.AllocationService] Cluster health status changed from [YELLOW] to [GREEN] (reason: [shards started [[metadatas][0]]]).
2022.09.13 12:07:53 INFO  es[][o.e.c.m.MetadataMappingService] [metadatas/U7p97W6zTeySMJVlZ9uIgw] create_mapping [metadata]
2022.09.13 12:07:54 INFO  es[][o.e.c.m.MetadataCreateIndexService] [components] creating index, cause [api], templates [], shards [5]/[0]
2022.09.13 12:07:56 INFO  es[][o.e.c.r.a.AllocationService] Cluster health status changed from [YELLOW] to [GREEN] (reason: [shards started [[components][4]]]).
2022.09.13 12:07:56 INFO  es[][o.e.c.m.MetadataMappingService] [components/uk47pHJNQ9qh-O8sHLVAEA] create_mapping [auth]
2022.09.13 12:07:57 INFO  es[][o.e.c.m.MetadataCreateIndexService] [projectmeasures] creating index, cause [api], templates [], shards [5]/[0]
2022.09.13 12:07:59 INFO  es[][o.e.c.r.a.AllocationService] Cluster health status changed from [YELLOW] to [GREEN] (reason: [shards started [[projectmeasures][4]]]).
2022.09.13 12:07:59 INFO  es[][o.e.c.m.MetadataMappingService] [projectmeasures/g27mSR7yQw6WvZqUBScFmw] create_mapping [auth]
2022.09.13 12:07:59 INFO  es[][o.e.c.m.MetadataCreateIndexService] [rules] creating index, cause [api], templates [], shards [2]/[0]
2022.09.13 12:08:00 INFO  es[][o.e.c.r.a.AllocationService] Cluster health status changed from [YELLOW] to [GREEN] (reason: [shards started [[rules][0]]]).
2022.09.13 12:08:01 INFO  es[][o.e.c.m.MetadataMappingService] [rules/bO6QA2HjR-m71d_voq9Q8Q] create_mapping [rule]
2022.09.13 12:08:01 INFO  es[][o.e.c.m.MetadataCreateIndexService] [issues] creating index, cause [api], templates [], shards [5]/[0]
2022.09.13 12:08:03 INFO  es[][o.e.c.r.a.AllocationService] Cluster health status changed from [YELLOW] to [GREEN] (reason: [shards started [[issues][4]]]).
2022.09.13 12:08:03 INFO  es[][o.e.c.m.MetadataMappingService] [issues/UocJbprYR2SfRlaw64Pefw] create_mapping [auth]
2022.09.13 12:08:03 INFO  es[][o.e.c.m.MetadataCreateIndexService] [users] creating index, cause [api], templates [], shards [1]/[0]
2022.09.13 12:08:04 INFO  es[][o.e.c.r.a.AllocationService] Cluster health status changed from [YELLOW] to [GREEN] (reason: [shards started [[users][0]]]).
2022.09.13 12:08:04 INFO  es[][o.e.c.m.MetadataMappingService] [users/uhb_fuAnQD-Pqw8SF4HvYg] create_mapping [user]
2022.09.13 12:08:05 INFO  es[][o.e.c.m.MetadataCreateIndexService] [views] creating index, cause [api], templates [], shards [5]/[0]
2022.09.13 12:08:07 INFO  es[][o.e.c.r.a.AllocationService] Cluster health status changed from [YELLOW] to [GREEN] (reason: [shards started [[views][4]]]).
2022.09.13 12:08:07 INFO  es[][o.e.c.m.MetadataMappingService] [views/6d6TohfCRlOIlKrOYcjKPQ] create_mapping [view]
2022.09.13 12:08:46 INFO  es[][o.e.c.s.IndexScopedSettings] updating [index.refresh_interval] from [30s] to [-1]
2022.09.13 12:08:46 INFO  es[][o.e.c.s.IndexScopedSettings] updating [index.refresh_interval] from [30s] to [-1]
2022.09.13 12:08:46 INFO  es[][o.e.c.s.IndexScopedSettings] updating [index.refresh_interval] from [-1] to [30s]
2022.09.13 12:08:47 INFO  es[][o.e.c.s.IndexScopedSettings] updating [index.refresh_interval] from [-1] to [30s]
2022.09.13 12:08:47 INFO  es[][o.e.c.s.IndexScopedSettings] updating [index.refresh_interval] from [30s] to [-1]
2022.09.13 12:08:48 INFO  es[][o.e.c.s.IndexScopedSettings] updating [index.refresh_interval] from [30s] to [-1]
2022.09.13 12:08:48 INFO  es[][o.e.c.s.IndexScopedSettings] updating [index.refresh_interval] from [-1] to [30s]
2022.09.13 12:08:48 INFO  es[][o.e.c.s.IndexScopedSettings] updating [index.refresh_interval] from [-1] to [30s]
2022.09.13 12:40:08 WARN  es[][o.e.t.ThreadPool] timer thread slept for [1.6m/97684ms] on absolute clock which is above the warn threshold of [5000ms]
2022.09.13 13:21:29 WARN  es[][o.e.t.ThreadPool] timer thread slept for [1.3m/78838ms] on absolute clock which is above the warn threshold of [5000ms]
2022.09.13 13:28:42 WARN  es[][o.e.t.ThreadPool] timer thread slept for [7m/425939ms] on absolute clock which is above the warn threshold of [5000ms]
2022.09.13 14:55:03 INFO  es[][o.e.n.Node] stopping ...
2022.09.13 14:55:04 INFO  es[][o.e.n.Node] stopped
2022.09.13 14:55:04 INFO  es[][o.e.n.Node] closing ...
2022.09.13 14:55:04 INFO  es[][o.e.n.Node] closed
